<?xml version="1.0" encoding="UTF-8"?>
<testsuites>
  <testsuite name="" tests="51" assertions="107" errors="0" warnings="0" failures="0" skipped="0" time="3.878271">
    <testsuite name="Project Test Suite" tests="51" assertions="107" errors="0" warnings="0" failures="0" skipped="0" time="3.878271">
      <testsuite name="App\Card\CardGraphicTest" file="/home/lisa/dbwebb-kurser/mvc/me/report/tests/Card/CardGraphicTest.php" tests="2" assertions="3" errors="0" warnings="0" failures="0" skipped="0" time="0.009112">
        <testcase name="testCreateCard" class="App\Card\CardGraphicTest" classname="App.Card.CardGraphicTest" file="/home/lisa/dbwebb-kurser/mvc/me/report/tests/Card/CardGraphicTest.php" line="17" assertions="2" time="0.007726"/>
        <testcase name="testGetAsStringException" class="App\Card\CardGraphicTest" classname="App.Card.CardGraphicTest" file="/home/lisa/dbwebb-kurser/mvc/me/report/tests/Card/CardGraphicTest.php" line="30" assertions="1" time="0.001387"/>
      </testsuite>
      <testsuite name="App\Card\CardHandTest" file="/home/lisa/dbwebb-kurser/mvc/me/report/tests/Card/CardHandTest.php" tests="3" assertions="3" errors="0" warnings="0" failures="0" skipped="0" time="0.002481">
        <testcase name="testCreateCardHand" class="App\Card\CardHandTest" classname="App.Card.CardHandTest" file="/home/lisa/dbwebb-kurser/mvc/me/report/tests/Card/CardHandTest.php" line="28" assertions="1" time="0.000930"/>
        <testcase name="testAdd" class="App\Card\CardHandTest" classname="App.Card.CardHandTest" file="/home/lisa/dbwebb-kurser/mvc/me/report/tests/Card/CardHandTest.php" line="36" assertions="1" time="0.000434"/>
        <testcase name="testGetString" class="App\Card\CardHandTest" classname="App.Card.CardHandTest" file="/home/lisa/dbwebb-kurser/mvc/me/report/tests/Card/CardHandTest.php" line="49" assertions="1" time="0.001117"/>
      </testsuite>
      <testsuite name="App\Card\CardTest" file="/home/lisa/dbwebb-kurser/mvc/me/report/tests/Card/CardTest.php" tests="1" assertions="2" errors="0" warnings="0" failures="0" skipped="0" time="0.000336">
        <testcase name="testCreateCard" class="App\Card\CardTest" classname="App.Card.CardTest" file="/home/lisa/dbwebb-kurser/mvc/me/report/tests/Card/CardTest.php" line="16" assertions="2" time="0.000336"/>
      </testsuite>
      <testsuite name="App\Card\DeckOfCardTest" file="/home/lisa/dbwebb-kurser/mvc/me/report/tests/Card/DeckOfCardsTest.php" tests="8" assertions="12" errors="0" warnings="0" failures="0" skipped="0" time="0.011477">
        <testcase name="testCreateDeckOfCards" class="App\Card\DeckOfCardTest" classname="App.Card.DeckOfCardTest" file="/home/lisa/dbwebb-kurser/mvc/me/report/tests/Card/DeckOfCardsTest.php" line="28" assertions="2" time="0.002925"/>
        <testcase name="testShuffle" class="App\Card\DeckOfCardTest" classname="App.Card.DeckOfCardTest" file="/home/lisa/dbwebb-kurser/mvc/me/report/tests/Card/DeckOfCardsTest.php" line="39" assertions="1" time="0.004058"/>
        <testcase name="testGetSortedValues" class="App\Card\DeckOfCardTest" classname="App.Card.DeckOfCardTest" file="/home/lisa/dbwebb-kurser/mvc/me/report/tests/Card/DeckOfCardsTest.php" line="53" assertions="1" time="0.000999"/>
        <testcase name="testNumberOfCards" class="App\Card\DeckOfCardTest" classname="App.Card.DeckOfCardTest" file="/home/lisa/dbwebb-kurser/mvc/me/report/tests/Card/DeckOfCardsTest.php" line="67" assertions="1" time="0.000547"/>
        <testcase name="testdrawCard" class="App\Card\DeckOfCardTest" classname="App.Card.DeckOfCardTest" file="/home/lisa/dbwebb-kurser/mvc/me/report/tests/Card/DeckOfCardsTest.php" line="80" assertions="2" time="0.000783"/>
        <testcase name="testdrawCardJson" class="App\Card\DeckOfCardTest" classname="App.Card.DeckOfCardTest" file="/home/lisa/dbwebb-kurser/mvc/me/report/tests/Card/DeckOfCardsTest.php" line="99" assertions="2" time="0.000769"/>
        <testcase name="testGetString" class="App\Card\DeckOfCardTest" classname="App.Card.DeckOfCardTest" file="/home/lisa/dbwebb-kurser/mvc/me/report/tests/Card/DeckOfCardsTest.php" line="117" assertions="1" time="0.000676"/>
        <testcase name="testdrawCardGame" class="App\Card\DeckOfCardTest" classname="App.Card.DeckOfCardTest" file="/home/lisa/dbwebb-kurser/mvc/me/report/tests/Card/DeckOfCardsTest.php" line="128" assertions="2" time="0.000721"/>
      </testsuite>
      <testsuite name="App\Card\Game21Test" file="/home/lisa/dbwebb-kurser/mvc/me/report/tests/Card/Game21Test.php" tests="8" assertions="21" errors="0" warnings="0" failures="0" skipped="0" time="0.028677">
        <testcase name="testCreateDeckOfCards" class="App\Card\Game21Test" classname="App.Card.Game21Test" file="/home/lisa/dbwebb-kurser/mvc/me/report/tests/Card/Game21Test.php" line="31" assertions="6" time="0.002081"/>
        <testcase name="testGetTotal" class="App\Card\Game21Test" classname="App.Card.Game21Test" file="/home/lisa/dbwebb-kurser/mvc/me/report/tests/Card/Game21Test.php" line="45" assertions="2" time="0.000703"/>
        <testcase name="testGetTotalWrongType" class="App\Card\Game21Test" classname="App.Card.Game21Test" file="/home/lisa/dbwebb-kurser/mvc/me/report/tests/Card/Game21Test.php" line="58" assertions="1" time="0.000681"/>
        <testcase name="testGetHand" class="App\Card\Game21Test" classname="App.Card.Game21Test" file="/home/lisa/dbwebb-kurser/mvc/me/report/tests/Card/Game21Test.php" line="70" assertions="1" time="0.000581"/>
        <testcase name="testFirstDraw" class="App\Card\Game21Test" classname="App.Card.Game21Test" file="/home/lisa/dbwebb-kurser/mvc/me/report/tests/Card/Game21Test.php" line="79" assertions="2" time="0.000731"/>
        <testcase name="testCalculateSum" class="App\Card\Game21Test" classname="App.Card.Game21Test" file="/home/lisa/dbwebb-kurser/mvc/me/report/tests/Card/Game21Test.php" line="94" assertions="4" time="0.018900"/>
        <testcase name="testBanksTurn" class="App\Card\Game21Test" classname="App.Card.Game21Test" file="/home/lisa/dbwebb-kurser/mvc/me/report/tests/Card/Game21Test.php" line="137" assertions="4" time="0.001793"/>
        <testcase name="testBanksTurnLess" class="App\Card\Game21Test" classname="App.Card.Game21Test" file="/home/lisa/dbwebb-kurser/mvc/me/report/tests/Card/Game21Test.php" line="196" assertions="1" time="0.003206"/>
      </testsuite>
      <testsuite name="App\Tests\ProjControllerTest" file="/home/lisa/dbwebb-kurser/mvc/me/report/tests/Controller/ProjControllerTest.php" tests="4" assertions="10" errors="0" warnings="0" failures="0" skipped="0" time="3.735280">
        <testcase name="testProjHome" class="App\Tests\ProjControllerTest" classname="App.Tests.ProjControllerTest" file="/home/lisa/dbwebb-kurser/mvc/me/report/tests/Controller/ProjControllerTest.php" line="13" assertions="3" time="3.494585"/>
        <testcase name="testInit" class="App\Tests\ProjControllerTest" classname="App.Tests.ProjControllerTest" file="/home/lisa/dbwebb-kurser/mvc/me/report/tests/Controller/ProjControllerTest.php" line="25" assertions="3" time="0.205802"/>
        <testcase name="testJsonItem" class="App\Tests\ProjControllerTest" classname="App.Tests.ProjControllerTest" file="/home/lisa/dbwebb-kurser/mvc/me/report/tests/Controller/ProjControllerTest.php" line="38" assertions="2" time="0.023822"/>
        <testcase name="testJsonInventory" class="App\Tests\ProjControllerTest" classname="App.Tests.ProjControllerTest" file="/home/lisa/dbwebb-kurser/mvc/me/report/tests/Controller/ProjControllerTest.php" line="47" assertions="2" time="0.011070"/>
      </testsuite>
      <testsuite name="App\Proj\GameFoundationTest" file="/home/lisa/dbwebb-kurser/mvc/me/report/tests/Proj/GameFoundationTest.php" tests="6" assertions="12" errors="0" warnings="0" failures="0" skipped="0" time="0.013341">
        <testcase name="testCreateGamefoundation" class="App\Proj\GameFoundationTest" classname="App.Proj.GameFoundationTest" file="/home/lisa/dbwebb-kurser/mvc/me/report/tests/Proj/GameFoundationTest.php" line="47" assertions="3" time="0.004528"/>
        <testcase name="testGetStartRoom" class="App\Proj\GameFoundationTest" classname="App.Proj.GameFoundationTest" file="/home/lisa/dbwebb-kurser/mvc/me/report/tests/Proj/GameFoundationTest.php" line="57" assertions="2" time="0.001534"/>
        <testcase name="testGetStartRoomException" class="App\Proj\GameFoundationTest" classname="App.Proj.GameFoundationTest" file="/home/lisa/dbwebb-kurser/mvc/me/report/tests/Proj/GameFoundationTest.php" line="67" assertions="1" time="0.002018"/>
        <testcase name="testGetRooms" class="App\Proj\GameFoundationTest" classname="App.Proj.GameFoundationTest" file="/home/lisa/dbwebb-kurser/mvc/me/report/tests/Proj/GameFoundationTest.php" line="89" assertions="2" time="0.002412"/>
        <testcase name="testGetItem" class="App\Proj\GameFoundationTest" classname="App.Proj.GameFoundationTest" file="/home/lisa/dbwebb-kurser/mvc/me/report/tests/Proj/GameFoundationTest.php" line="99" assertions="2" time="0.001459"/>
        <testcase name="testGetRoom" class="App\Proj\GameFoundationTest" classname="App.Proj.GameFoundationTest" file="/home/lisa/dbwebb-kurser/mvc/me/report/tests/Proj/GameFoundationTest.php" line="109" assertions="2" time="0.001390"/>
      </testsuite>
      <testsuite name="App\Proj\GameStateTest" file="/home/lisa/dbwebb-kurser/mvc/me/report/tests/Proj/GameStateTest.php" tests="9" assertions="26" errors="0" warnings="0" failures="0" skipped="0" time="0.035847">
        <testcase name="testCreateGameState" class="App\Proj\GameStateTest" classname="App.Proj.GameStateTest" file="/home/lisa/dbwebb-kurser/mvc/me/report/tests/Proj/GameStateTest.php" line="34" assertions="4" time="0.003975"/>
        <testcase name="testCurrentRoom" class="App\Proj\GameStateTest" classname="App.Proj.GameStateTest" file="/home/lisa/dbwebb-kurser/mvc/me/report/tests/Proj/GameStateTest.php" line="45" assertions="2" time="0.003610"/>
        <testcase name="testGetInventory" class="App\Proj\GameStateTest" classname="App.Proj.GameStateTest" file="/home/lisa/dbwebb-kurser/mvc/me/report/tests/Proj/GameStateTest.php" line="55" assertions="1" time="0.003639"/>
        <testcase name="testAddToInventory" class="App\Proj\GameStateTest" classname="App.Proj.GameStateTest" file="/home/lisa/dbwebb-kurser/mvc/me/report/tests/Proj/GameStateTest.php" line="68" assertions="3" time="0.004496"/>
        <testcase name="testGetInventoryItem" class="App\Proj\GameStateTest" classname="App.Proj.GameStateTest" file="/home/lisa/dbwebb-kurser/mvc/me/report/tests/Proj/GameStateTest.php" line="85" assertions="2" time="0.003725"/>
        <testcase name="testGetCurrentImage" class="App\Proj\GameStateTest" classname="App.Proj.GameStateTest" file="/home/lisa/dbwebb-kurser/mvc/me/report/tests/Proj/GameStateTest.php" line="99" assertions="1" time="0.003605"/>
        <testcase name="testRemoveFromInventory" class="App\Proj\GameStateTest" classname="App.Proj.GameStateTest" file="/home/lisa/dbwebb-kurser/mvc/me/report/tests/Proj/GameStateTest.php" line="108" assertions="2" time="0.003717"/>
        <testcase name="testDropItem" class="App\Proj\GameStateTest" classname="App.Proj.GameStateTest" file="/home/lisa/dbwebb-kurser/mvc/me/report/tests/Proj/GameStateTest.php" line="122" assertions="2" time="0.005024"/>
        <testcase name="testSetCurrentRoom" class="App\Proj\GameStateTest" classname="App.Proj.GameStateTest" file="/home/lisa/dbwebb-kurser/mvc/me/report/tests/Proj/GameStateTest.php" line="139" assertions="9" time="0.004056"/>
      </testsuite>
      <testsuite name="App\Proj\GameTest" file="/home/lisa/dbwebb-kurser/mvc/me/report/tests/Proj/GameTest.php" tests="10" assertions="18" errors="0" warnings="0" failures="0" skipped="0" time="0.041719">
        <testcase name="testMove" class="App\Proj\GameTest" classname="App.Proj.GameTest" file="/home/lisa/dbwebb-kurser/mvc/me/report/tests/Proj/GameTest.php" line="37" assertions="1" time="0.005369"/>
        <testcase name="testPickUp" class="App\Proj\GameTest" classname="App.Proj.GameTest" file="/home/lisa/dbwebb-kurser/mvc/me/report/tests/Proj/GameTest.php" line="54" assertions="2" time="0.005280"/>
        <testcase name="testPickUpFull" class="App\Proj\GameTest" classname="App.Proj.GameTest" file="/home/lisa/dbwebb-kurser/mvc/me/report/tests/Proj/GameTest.php" line="71" assertions="1" time="0.003607"/>
        <testcase name="testExamineDeadly" class="App\Proj\GameTest" classname="App.Proj.GameTest" file="/home/lisa/dbwebb-kurser/mvc/me/report/tests/Proj/GameTest.php" line="82" assertions="1" time="0.003548"/>
        <testcase name="testExamineReveal" class="App\Proj\GameTest" classname="App.Proj.GameTest" file="/home/lisa/dbwebb-kurser/mvc/me/report/tests/Proj/GameTest.php" line="92" assertions="3" time="0.003956"/>
        <testcase name="testExamineNoReveal" class="App\Proj\GameTest" classname="App.Proj.GameTest" file="/home/lisa/dbwebb-kurser/mvc/me/report/tests/Proj/GameTest.php" line="110" assertions="1" time="0.003706"/>
        <testcase name="testCombineWrong" class="App\Proj\GameTest" classname="App.Proj.GameTest" file="/home/lisa/dbwebb-kurser/mvc/me/report/tests/Proj/GameTest.php" line="119" assertions="2" time="0.003726"/>
        <testcase name="testCombineRight" class="App\Proj\GameTest" classname="App.Proj.GameTest" file="/home/lisa/dbwebb-kurser/mvc/me/report/tests/Proj/GameTest.php" line="134" assertions="4" time="0.004701"/>
        <testcase name="testCombineRightLast" class="App\Proj\GameTest" classname="App.Proj.GameTest" file="/home/lisa/dbwebb-kurser/mvc/me/report/tests/Proj/GameTest.php" line="157" assertions="1" time="0.003781"/>
        <testcase name="testDrop" class="App\Proj\GameTest" classname="App.Proj.GameTest" file="/home/lisa/dbwebb-kurser/mvc/me/report/tests/Proj/GameTest.php" line="167" assertions="2" time="0.004046"/>
      </testsuite>
    </testsuite>
  </testsuite>
</testsuites>
