<?xml version="1.0" encoding="UTF-8"?>
<testsuites>
  <testsuite name="" tests="22" assertions="41" errors="0" warnings="0" failures="0" skipped="0" time="0.045707">
    <testsuite name="Project Test Suite" tests="22" assertions="41" errors="0" warnings="0" failures="0" skipped="0" time="0.045707">
      <testsuite name="App\Card\CardGraphicTest" file="/home/lisa/dbwebb-kurser/mvc/me/report/tests/Card/CardGraphicTest.php" tests="2" assertions="3" errors="0" warnings="0" failures="0" skipped="0" time="0.008524">
        <testcase name="testCreateCard" class="App\Card\CardGraphicTest" classname="App.Card.CardGraphicTest" file="/home/lisa/dbwebb-kurser/mvc/me/report/tests/Card/CardGraphicTest.php" line="17" assertions="2" time="0.007246"/>
        <testcase name="testGetAsStringException" class="App\Card\CardGraphicTest" classname="App.Card.CardGraphicTest" file="/home/lisa/dbwebb-kurser/mvc/me/report/tests/Card/CardGraphicTest.php" line="30" assertions="1" time="0.001278"/>
      </testsuite>
      <testsuite name="App\Card\CardHandTest" file="/home/lisa/dbwebb-kurser/mvc/me/report/tests/Card/CardHandTest.php" tests="3" assertions="3" errors="0" warnings="0" failures="0" skipped="0" time="0.002104">
        <testcase name="testCreateCardHand" class="App\Card\CardHandTest" classname="App.Card.CardHandTest" file="/home/lisa/dbwebb-kurser/mvc/me/report/tests/Card/CardHandTest.php" line="28" assertions="1" time="0.000801"/>
        <testcase name="testAdd" class="App\Card\CardHandTest" classname="App.Card.CardHandTest" file="/home/lisa/dbwebb-kurser/mvc/me/report/tests/Card/CardHandTest.php" line="36" assertions="1" time="0.000371"/>
        <testcase name="testGetString" class="App\Card\CardHandTest" classname="App.Card.CardHandTest" file="/home/lisa/dbwebb-kurser/mvc/me/report/tests/Card/CardHandTest.php" line="49" assertions="1" time="0.000931"/>
      </testsuite>
      <testsuite name="App\Card\CardTest" file="/home/lisa/dbwebb-kurser/mvc/me/report/tests/Card/CardTest.php" tests="1" assertions="2" errors="0" warnings="0" failures="0" skipped="0" time="0.000333">
        <testcase name="testCreateCard" class="App\Card\CardTest" classname="App.Card.CardTest" file="/home/lisa/dbwebb-kurser/mvc/me/report/tests/Card/CardTest.php" line="16" assertions="2" time="0.000333"/>
      </testsuite>
      <testsuite name="App\Card\DeckOfCardTest" file="/home/lisa/dbwebb-kurser/mvc/me/report/tests/Card/DeckOfCardsTest.php" tests="8" assertions="12" errors="0" warnings="0" failures="0" skipped="0" time="0.010761">
        <testcase name="testCreateDeckOfCards" class="App\Card\DeckOfCardTest" classname="App.Card.DeckOfCardTest" file="/home/lisa/dbwebb-kurser/mvc/me/report/tests/Card/DeckOfCardsTest.php" line="28" assertions="2" time="0.002586"/>
        <testcase name="testShuffle" class="App\Card\DeckOfCardTest" classname="App.Card.DeckOfCardTest" file="/home/lisa/dbwebb-kurser/mvc/me/report/tests/Card/DeckOfCardsTest.php" line="39" assertions="1" time="0.003879"/>
        <testcase name="testGetSortedValues" class="App\Card\DeckOfCardTest" classname="App.Card.DeckOfCardTest" file="/home/lisa/dbwebb-kurser/mvc/me/report/tests/Card/DeckOfCardsTest.php" line="53" assertions="1" time="0.000966"/>
        <testcase name="testNumberOfCards" class="App\Card\DeckOfCardTest" classname="App.Card.DeckOfCardTest" file="/home/lisa/dbwebb-kurser/mvc/me/report/tests/Card/DeckOfCardsTest.php" line="67" assertions="1" time="0.000530"/>
        <testcase name="testdrawCard" class="App\Card\DeckOfCardTest" classname="App.Card.DeckOfCardTest" file="/home/lisa/dbwebb-kurser/mvc/me/report/tests/Card/DeckOfCardsTest.php" line="80" assertions="2" time="0.000726"/>
        <testcase name="testdrawCardJson" class="App\Card\DeckOfCardTest" classname="App.Card.DeckOfCardTest" file="/home/lisa/dbwebb-kurser/mvc/me/report/tests/Card/DeckOfCardsTest.php" line="99" assertions="2" time="0.000732"/>
        <testcase name="testGetString" class="App\Card\DeckOfCardTest" classname="App.Card.DeckOfCardTest" file="/home/lisa/dbwebb-kurser/mvc/me/report/tests/Card/DeckOfCardsTest.php" line="117" assertions="1" time="0.000634"/>
        <testcase name="testdrawCardGame" class="App\Card\DeckOfCardTest" classname="App.Card.DeckOfCardTest" file="/home/lisa/dbwebb-kurser/mvc/me/report/tests/Card/DeckOfCardsTest.php" line="128" assertions="2" time="0.000708"/>
      </testsuite>
      <testsuite name="App\Card\Game21Test" file="/home/lisa/dbwebb-kurser/mvc/me/report/tests/Card/Game21Test.php" tests="8" assertions="21" errors="0" warnings="0" failures="0" skipped="0" time="0.023984">
        <testcase name="testCreateDeckOfCards" class="App\Card\Game21Test" classname="App.Card.Game21Test" file="/home/lisa/dbwebb-kurser/mvc/me/report/tests/Card/Game21Test.php" line="31" assertions="6" time="0.001952"/>
        <testcase name="testGetTotal" class="App\Card\Game21Test" classname="App.Card.Game21Test" file="/home/lisa/dbwebb-kurser/mvc/me/report/tests/Card/Game21Test.php" line="45" assertions="2" time="0.000688"/>
        <testcase name="testGetTotalWrongType" class="App\Card\Game21Test" classname="App.Card.Game21Test" file="/home/lisa/dbwebb-kurser/mvc/me/report/tests/Card/Game21Test.php" line="58" assertions="1" time="0.000590"/>
        <testcase name="testGetHand" class="App\Card\Game21Test" classname="App.Card.Game21Test" file="/home/lisa/dbwebb-kurser/mvc/me/report/tests/Card/Game21Test.php" line="70" assertions="1" time="0.000551"/>
        <testcase name="testFirstDraw" class="App\Card\Game21Test" classname="App.Card.Game21Test" file="/home/lisa/dbwebb-kurser/mvc/me/report/tests/Card/Game21Test.php" line="79" assertions="2" time="0.000729"/>
        <testcase name="testCalculateSum" class="App\Card\Game21Test" classname="App.Card.Game21Test" file="/home/lisa/dbwebb-kurser/mvc/me/report/tests/Card/Game21Test.php" line="94" assertions="4" time="0.014775"/>
        <testcase name="testBanksTurn" class="App\Card\Game21Test" classname="App.Card.Game21Test" file="/home/lisa/dbwebb-kurser/mvc/me/report/tests/Card/Game21Test.php" line="137" assertions="4" time="0.001753"/>
        <testcase name="testBanksTurnLess" class="App\Card\Game21Test" classname="App.Card.Game21Test" file="/home/lisa/dbwebb-kurser/mvc/me/report/tests/Card/Game21Test.php" line="196" assertions="1" time="0.002948"/>
      </testsuite>
    </testsuite>
  </testsuite>
</testsuites>
